{
  "RSpec": {
    "coverage": {
      "/home/sti/workspace/twitter-clone/spec/support/factory_girl.rb": [
        1,
        1,
        null
      ],
      "/home/sti/workspace/twitter-clone/app/controllers/tweets_controller.rb": [
        1,
        null,
        1,
        0,
        0,
        0,
        null,
        0,
        null,
        null,
        1,
        0,
        0,
        0,
        null,
        0,
        null,
        null,
        null,
        1,
        0,
        0,
        null,
        null,
        1,
        1,
        0,
        null,
        null
      ],
      "/home/sti/workspace/twitter-clone/app/controllers/application_controller.rb": [
        1,
        1,
        null,
        1,
        null,
        1,
        1,
        null,
        1,
        0,
        null,
        null,
        1,
        null,
        1,
        0,
        0,
        0,
        null,
        null,
        1,
        null,
        1,
        0,
        0,
        null,
        0,
        null,
        null,
        null,
        null
      ],
      "/home/sti/workspace/twitter-clone/spec/controllers/users_controller_spec.rb": [
        1,
        null,
        1,
        null,
        null,
        null,
        null,
        null,
        null,
        null,
        null,
        null,
        null,
        null,
        null
      ],
      "/home/sti/workspace/twitter-clone/app/controllers/users_controller.rb": [
        1,
        1,
        0,
        null,
        null,
        1,
        0,
        null,
        null
      ],
      "/home/sti/workspace/twitter-clone/spec/helpers/tweets_helper_spec.rb": [
        1,
        null,
        null,
        null,
        null,
        null,
        null,
        null,
        null,
        null,
        null,
        null,
        1,
        1,
        null
      ],
      "/home/sti/workspace/twitter-clone/spec/helpers/users_helper_spec.rb": [
        1,
        null,
        null,
        null,
        null,
        null,
        null,
        null,
        null,
        null,
        null,
        null,
        1,
        1,
        null
      ],
      "/home/sti/workspace/twitter-clone/spec/models/tweet_spec.rb": [
        1,
        null,
        1,
        null,
        11,
        null,
        1,
        null,
        1,
        1,
        1,
        4,
        null,
        2,
        2,
        null,
        1,
        1,
        2,
        2,
        null,
        2,
        2,
        null,
        null,
        null,
        1,
        1,
        2,
        2,
        null,
        2,
        2,
        null,
        null,
        null,
        1,
        1,
        1,
        2,
        null,
        2,
        2,
        null,
        1,
        1,
        2,
        2,
        null,
        2,
        2,
        null,
        null,
        null,
        null,
        null
      ],
      "/home/sti/workspace/twitter-clone/app/models/tweet.rb": [
        1,
        1,
        1,
        1,
        null,
        1,
        null,
        1,
        null
      ],
      "/home/sti/workspace/twitter-clone/spec/models/user_spec.rb": [
        1,
        null,
        1,
        null,
        15,
        null,
        1,
        null,
        1,
        1,
        1,
        2,
        null,
        2,
        2,
        null,
        null,
        1,
        1,
        2,
        2,
        null,
        2,
        2,
        null,
        null,
        null,
        1,
        1,
        1,
        2,
        null,
        2,
        2,
        null,
        null,
        1,
        1,
        2,
        2,
        null,
        2,
        2,
        null,
        null,
        null,
        null,
        1,
        1,
        1,
        4,
        null,
        2,
        2,
        null,
        1,
        1,
        2,
        2,
        2,
        null,
        2,
        2,
        null,
        null,
        null,
        1,
        1,
        2,
        2,
        null,
        2,
        2,
        null,
        null,
        null,
        null
      ]
    },
    "timestamp": 1501790756
  }
}
