{
  "RSpec": {
    "coverage": {
      "/home/sti/workspace/twitter-clone/spec/support/controller_helpers.rb": [
        1,
        1,
        29,
        29,
        null,
        null,
        1,
        28,
        28,
        null,
        null,
        1,
        1,
        1,
        null,
        null,
        null
      ],
      "/home/sti/workspace/twitter-clone/spec/support/database_cleaner.rb": [
        1,
        null,
        1,
        1,
        null,
        null,
        1,
        83,
        null,
        null,
        1,
        0,
        null,
        null,
        1,
        83,
        null,
        null,
        1,
        83,
        null,
        null,
        null
      ],
      "/home/sti/workspace/twitter-clone/spec/support/devise.rb": [
        1,
        null,
        1,
        1,
        1,
        null,
        1,
        1,
        null,
        1,
        83,
        null,
        null
      ],
      "/home/sti/workspace/twitter-clone/spec/support/factory_girl.rb": [
        1,
        1,
        null
      ],
      "/home/sti/workspace/twitter-clone/app/controllers/application_controller.rb": [
        1,
        1,
        null,
        1,
        null,
        1,
        1,
        null,
        1,
        1,
        null,
        null,
        1,
        null,
        1,
        0,
        0,
        0,
        null,
        null,
        1,
        null,
        1,
        14,
        0,
        null,
        14,
        null,
        null,
        null,
        null
      ],
      "/home/sti/workspace/twitter-clone/spec/controllers/notifications_controller_spec.rb": [
        1,
        null,
        1,
        null,
        null
      ],
      "/home/sti/workspace/twitter-clone/app/controllers/notifications_controller.rb": [
        1,
        null,
        1,
        0,
        null,
        null,
        1,
        0,
        0,
        0,
        null,
        null,
        1,
        0,
        0,
        null,
        null
      ],
      "/home/sti/workspace/twitter-clone/spec/controllers/relationships_controller_spec.rb": [
        1,
        null,
        1,
        null,
        1,
        9,
        null,
        null,
        6,
        null,
        1,
        1,
        1,
        4,
        null,
        1,
        1,
        2,
        2,
        null,
        1,
        1,
        null,
        1,
        1,
        null,
        null,
        1,
        1,
        2,
        2,
        null,
        1,
        1,
        null,
        1,
        1,
        null,
        null,
        null,
        null,
        null,
        1,
        1,
        1,
        2,
        null,
        1,
        1,
        1,
        1,
        null,
        0,
        null,
        1,
        1,
        0,
        0,
        null,
        null,
        null,
        null,
        null,
        1,
        1,
        1,
        3,
        3,
        null,
        1,
        1,
        1,
        1,
        null,
        null,
        1,
        1,
        0,
        null,
        1,
        1,
        0,
        null,
        null,
        null,
        null,
        null
      ],
      "/home/sti/workspace/twitter-clone/app/controllers/relationships_controller.rb": [
        1,
        null,
        1,
        4,
        4,
        null,
        null,
        1,
        2,
        0,
        0,
        null,
        null,
        1,
        3,
        0,
        0,
        null,
        null,
        1,
        0,
        0,
        0,
        null,
        null
      ],
      "/home/sti/workspace/twitter-clone/spec/controllers/tweets_controller_spec.rb": [
        1,
        null,
        1,
        null,
        1,
        12,
        null,
        null,
        9,
        5,
        3,
        3,
        null,
        1,
        1,
        1,
        3,
        null,
        1,
        1,
        1,
        1,
        null,
        1,
        1,
        1,
        null,
        null,
        1,
        1,
        1,
        1,
        null,
        null,
        null,
        null,
        null,
        1,
        1,
        1,
        3,
        null,
        1,
        1,
        1,
        1,
        null,
        1,
        null,
        1,
        1,
        1,
        1,
        null,
        null,
        1,
        1,
        1,
        1,
        2,
        1,
        null,
        null,
        null,
        1,
        1,
        1,
        null,
        1,
        1,
        1,
        1,
        2,
        null,
        null,
        null,
        null,
        null,
        1,
        1,
        4,
        4,
        null,
        null,
        1,
        1,
        1,
        1,
        null,
        null,
        1,
        1,
        null,
        null,
        1,
        1,
        null,
        null,
        1,
        1,
        1,
        null,
        null,
        null,
        1,
        1,
        1,
        1,
        0,
        null,
        null,
        null,
        null,
        1,
        null,
        1,
        1,
        1,
        null,
        null,
        1,
        1,
        1,
        null,
        1,
        null,
        null,
        null,
        null
      ],
      "/home/sti/workspace/twitter-clone/app/controllers/tweets_controller.rb": [
        1,
        1,
        null,
        1,
        3,
        null,
        null,
        1,
        3,
        3,
        3,
        null,
        null,
        1,
        4,
        4,
        4,
        4,
        null,
        null,
        1,
        1,
        1,
        null,
        null,
        1,
        1,
        10,
        null,
        null
      ],
      "/home/sti/workspace/twitter-clone/spec/controllers/users_controller_spec.rb": [
        1,
        null,
        1,
        null,
        8,
        null,
        1,
        1,
        3,
        3,
        null,
        1,
        2,
        2,
        2,
        null,
        null,
        null,
        1,
        1,
        2,
        2,
        null,
        1,
        2,
        2,
        null,
        null,
        null,
        1,
        1,
        2,
        2,
        null,
        1,
        2,
        2,
        null,
        null,
        null
      ],
      "/home/sti/workspace/twitter-clone/app/controllers/users_controller.rb": [
        1,
        1,
        2,
        2,
        null,
        null,
        1,
        3,
        null,
        null,
        1,
        2,
        2,
        null,
        null
      ],
      "/home/sti/workspace/twitter-clone/spec/facades/tweet_facade_spec.rb": [
        1,
        null,
        1,
        7,
        7,
        null,
        7,
        null,
        1,
        1,
        1,
        1,
        1,
        null,
        null,
        1,
        1,
        1,
        null,
        1,
        1,
        null,
        null,
        null,
        null,
        1,
        1,
        1,
        1,
        1,
        null,
        null,
        1,
        1,
        1,
        null,
        1,
        1,
        null,
        null,
        null,
        null,
        null,
        1,
        1,
        1,
        1,
        null,
        1,
        1,
        null,
        null,
        1,
        1,
        1,
        null,
        null,
        null,
        null,
        null,
        null,
        null
      ],
      "/home/sti/workspace/twitter-clone/app/facades/tweet_facade.rb": [
        1,
        1,
        null,
        1,
        9,
        9,
        null,
        null,
        1,
        2,
        null,
        null,
        1,
        2,
        null,
        null,
        null
      ],
      "/home/sti/workspace/twitter-clone/app/facades/default_facade.rb": [
        1,
        null,
        1,
        null,
        1,
        42,
        null,
        null,
        1,
        0,
        null,
        null,
        null
      ],
      "/home/sti/workspace/twitter-clone/spec/facades/user_facade_spec.rb": [
        1,
        null,
        1,
        null,
        1,
        2,
        2,
        null,
        null,
        1,
        2,
        null,
        null,
        1,
        2,
        null,
        null,
        null,
        null
      ],
      "/home/sti/workspace/twitter-clone/app/facades/user_dashboard_facade.rb": [
        1,
        1,
        null,
        1,
        4,
        null,
        null,
        1,
        1,
        null,
        null,
        1,
        1,
        null,
        null,
        1,
        null,
        null,
        null
      ],
      "/home/sti/workspace/twitter-clone/spec/facades/users_list_spec.rb": [
        1,
        null,
        1,
        null,
        17,
        7,
        null,
        1,
        1,
        1,
        2,
        null,
        1,
        2,
        null,
        1,
        2,
        null,
        null,
        null,
        null,
        1,
        3,
        null,
        1,
        1,
        2,
        null,
        1,
        2,
        null,
        null,
        null,
        null,
        1,
        6,
        null,
        1,
        null,
        1,
        1,
        1,
        2,
        null,
        1,
        1,
        1,
        null,
        2,
        null,
        null,
        1,
        1,
        1,
        null,
        2,
        null,
        null,
        1,
        2,
        null,
        1,
        2,
        null,
        null,
        null,
        null,
        1,
        4,
        1,
        3,
        3,
        null,
        null,
        1,
        1,
        2,
        null,
        1,
        2,
        null,
        1,
        2,
        null,
        null,
        null,
        null,
        1,
        4,
        1,
        3,
        3,
        null,
        null,
        1,
        1,
        2,
        null,
        1,
        2,
        null,
        1,
        2,
        null,
        null,
        null,
        null,
        null
      ],
      "/home/sti/workspace/twitter-clone/app/facades/users_list.rb": [
        1,
        null,
        1,
        1,
        null,
        1,
        22,
        22,
        null,
        null,
        1,
        null,
        null,
        null,
        1,
        1,
        null,
        null,
        1,
        1,
        null,
        null,
        null,
        1,
        null,
        1,
        3,
        null,
        null,
        1,
        1,
        null,
        null,
        1,
        1,
        null,
        null,
        null,
        1,
        1,
        1,
        null,
        null,
        1,
        1,
        null,
        null,
        1,
        1,
        null,
        null,
        null,
        1,
        1,
        1,
        null,
        null,
        1,
        1,
        null,
        null,
        1,
        1,
        null,
        null,
        null,
        1,
        null,
        null,
        null,
        null,
        null,
        1,
        9,
        null,
        null,
        null
      ],
      "/home/sti/workspace/twitter-clone/spec/helpers/notifications_helper_spec.rb": [
        1,
        null,
        null,
        null,
        null,
        null,
        null,
        null,
        null,
        null,
        null,
        null,
        1,
        1,
        null
      ],
      "/home/sti/workspace/twitter-clone/spec/helpers/relationships_helper_spec.rb": [
        1,
        null,
        null,
        null,
        null,
        null,
        null,
        null,
        null,
        null,
        null,
        null,
        1,
        1,
        null
      ],
      "/home/sti/workspace/twitter-clone/spec/helpers/tweets_helper_spec.rb": [
        1,
        null,
        null,
        null,
        null,
        null,
        null,
        null,
        null,
        null,
        null,
        null,
        1,
        1,
        null
      ],
      "/home/sti/workspace/twitter-clone/spec/helpers/users_helper_spec.rb": [
        1,
        null,
        null,
        null,
        null,
        null,
        null,
        null,
        null,
        null,
        null,
        null,
        1,
        1,
        null
      ],
      "/home/sti/workspace/twitter-clone/spec/jobs/notification_broadcast_job_spec.rb": [
        1,
        null,
        1,
        1,
        null
      ],
      "/home/sti/workspace/twitter-clone/app/jobs/notification_broadcast_job.rb": [
        1,
        1,
        null,
        1,
        0,
        null,
        null
      ],
      "/home/sti/workspace/twitter-clone/app/jobs/application_job.rb": [
        1,
        null
      ],
      "/home/sti/workspace/twitter-clone/spec/mailers/user_mailer_spec.rb": [
        1,
        null,
        1,
        1,
        null
      ],
      "/home/sti/workspace/twitter-clone/app/mailers/user_mailer.rb": [
        1,
        null,
        1,
        null,
        1,
        0,
        0,
        null,
        null
      ],
      "/home/sti/workspace/twitter-clone/app/mailers/application_mailer.rb": [
        1,
        1,
        1,
        null
      ],
      "/home/sti/workspace/twitter-clone/spec/models/notification_spec.rb": [
        1,
        null,
        1,
        1,
        null
      ],
      "/home/sti/workspace/twitter-clone/app/models/notification.rb": [
        1,
        1,
        null,
        1,
        null,
        1,
        null,
        1,
        null,
        1,
        0,
        null,
        null,
        1,
        15,
        null,
        null,
        1,
        15,
        15,
        null,
        null,
        1,
        15,
        null,
        null,
        1,
        15,
        null,
        null,
        1,
        0,
        null,
        null
      ],
      "/home/sti/workspace/twitter-clone/spec/models/relationship_spec.rb": [
        1,
        null,
        1,
        null,
        4,
        4,
        4,
        null,
        null,
        1,
        1,
        2,
        null,
        1,
        1,
        1,
        null,
        2,
        null,
        1,
        1,
        1,
        null,
        2,
        null,
        null,
        null
      ],
      "/home/sti/workspace/twitter-clone/app/models/relationship.rb": [
        1,
        1,
        1,
        null,
        1,
        1,
        null,
        1,
        null,
        1,
        null,
        1,
        1,
        null,
        1,
        1,
        null,
        1,
        15,
        15,
        15,
        null,
        null,
        1,
        0,
        null,
        null,
        1,
        0,
        null,
        null,
        1,
        0,
        null,
        0,
        null,
        0,
        null,
        null,
        null,
        null
      ],
      "/home/sti/workspace/twitter-clone/spec/models/trigram_spec.rb": [
        1,
        null,
        1,
        1,
        null
      ],
      "/home/sti/workspace/twitter-clone/app/models/trigram.rb": [
        1,
        1,
        null
      ],
      "/home/sti/workspace/twitter-clone/spec/models/tweet_spec.rb": [
        1,
        null,
        1,
        null,
        11,
        11,
        null,
        1,
        null,
        1,
        1,
        1,
        4,
        null,
        2,
        2,
        null,
        1,
        1,
        2,
        2,
        null,
        2,
        2,
        null,
        null,
        null,
        1,
        1,
        2,
        2,
        null,
        2,
        2,
        null,
        null,
        null,
        1,
        1,
        1,
        2,
        null,
        2,
        2,
        null,
        1,
        1,
        2,
        2,
        null,
        2,
        2,
        null,
        null,
        null,
        null,
        null
      ],
      "/home/sti/workspace/twitter-clone/app/models/tweet.rb": [
        1,
        1,
        1,
        1,
        null,
        1,
        null,
        1,
        null,
        1,
        1,
        null,
        null
      ],
      "/home/sti/workspace/twitter-clone/spec/models/user_spec.rb": [
        1,
        null,
        1,
        null,
        18,
        null,
        1,
        null,
        1,
        1,
        1,
        2,
        null,
        2,
        2,
        null,
        null,
        1,
        1,
        2,
        2,
        null,
        2,
        2,
        null,
        null,
        null,
        1,
        1,
        1,
        2,
        null,
        2,
        2,
        null,
        null,
        1,
        1,
        2,
        2,
        null,
        2,
        2,
        null,
        null,
        null,
        null,
        1,
        1,
        1,
        4,
        null,
        2,
        2,
        null,
        1,
        1,
        2,
        2,
        2,
        null,
        2,
        2,
        null,
        null,
        null,
        1,
        1,
        2,
        2,
        null,
        2,
        2,
        null,
        null,
        null,
        1,
        1,
        2,
        null,
        null,
        null,
        null,
        1,
        1,
        1,
        1,
        1,
        1,
        null,
        1,
        1,
        null,
        null,
        null,
        1,
        1,
        1,
        1,
        1,
        1,
        null,
        1,
        1,
        null,
        null,
        null,
        null,
        null
      ],
      "/home/sti/workspace/twitter-clone/spec/views/relationships/create.html.erb_spec.rb": [
        1,
        null,
        1,
        1,
        null
      ],
      "/home/sti/workspace/twitter-clone/spec/views/relationships/destroy.html.erb_spec.rb": [
        1,
        null,
        1,
        1,
        null
      ],
      "/home/sti/workspace/twitter-clone/app/facades/relationship_facade.rb": [
        1,
        null,
        1,
        4,
        null,
        null,
        1,
        4,
        null,
        null,
        1,
        1,
        2,
        null,
        null,
        1,
        2,
        null,
        null,
        1,
        2,
        2,
        null,
        null
      ],
      "/home/sti/workspace/twitter-clone/app/services/relationship_service.rb": [
        1,
        null,
        1,
        2,
        0,
        0,
        null,
        null,
        1,
        3,
        0,
        0,
        null,
        null,
        1,
        0,
        0,
        0,
        0,
        null,
        null,
        1,
        1,
        0,
        null,
        0,
        null,
        0,
        null,
        null,
        null,
        null
      ],
      "/home/sti/workspace/twitter-clone/app/models/ability.rb": [
        1,
        1,
        null,
        1,
        null,
        null,
        11,
        11,
        null,
        null,
        1,
        1,
        11,
        11,
        11,
        11,
        11,
        null,
        null,
        null,
        null,
        null,
        null,
        null,
        null,
        null,
        null,
        null,
        null,
        null,
        null,
        null,
        null,
        null,
        null,
        null,
        null,
        null,
        null,
        null,
        null,
        null,
        null
      ],
      "/home/sti/workspace/twitter-clone/app/facades/user_facade.rb": [
        1,
        null,
        1,
        null,
        1,
        3,
        3,
        null,
        null
      ]
    },
    "timestamp": 1504123423
  }
}
